<?xml version="1.0" encoding="UTF-8"?>
<testsuites name="G1_TS1" time="16" tests="2" failures="0" errors="0">
   <testsuite name="G1_TS1" tests="2" failures="0" errors="0" time="16" timestamp="2018-09-18 16:51:23" hostname="work - SGH232Q0XF.kms.com.vn" id="Test Suites/Group1/G1_TS1">
      <properties>
         <property name="deviceName" value=""/>
         <property name="devicePlatform" value=""/>
         <property name="logFolder" value="C:\\Users\\work\\git\\Katalon_RQM\\Reports\\Group1\\G1_TS1\\20180918_165121"/>
         <property name="logFiles" value="C:\\Users\\work\\git\\Katalon_RQM\\Reports\\Group1\\G1_TS1\\20180918_165121\\execution0.log"/>
         <property name="attachments" value=""/>
         <property name="hostName" value="work - SGH232Q0XF.kms.com.vn"/>
         <property name="os" value="Windows 10 64bit"/>
         <property name="katalonVersion" value="5.7.1.1"/>
         <property name="browser" value="Chrome 68.0.3440.106"/>
         <property name="hostAddress" value="192.168.107.67"/>
         <property name="sessionId" value="f785d8dc501a0d1ebadc31e12e436971"/>
         <property name="seleniumVersion" value="3.7.1"/>
         <property name="proxyInformation" value="ProxyInformation{proxyOption=NO_PROXY, proxyServerType=HTTP, password=, proxyServerAddress=, proxyServerPort=0}"/>
         <property name="platform" value="Windows 10"/>
      </properties>
      <testcase name="Test Cases/Login" classname="Test Cases/Login" status="PASSED">
         <system-out><![CDATA[2018-09-18 16:51:24 - [TEST_CASE][PASSED] - Test Cases/Login: Test Cases/Login

2018-09-18 16:51:24 - [TEST_STEP][PASSED] - openBrowser: Browser is opened with url: 'null'

2018-09-18 16:51:28 - [MESSAGE][PASSED] - Browser is opened with url: 'null'

2018-09-18 16:51:28 - [TEST_STEP][PASSED] - navigateToUrl: Navigate to 'http://192.168.74.25/patest' successfully

2018-09-18 16:51:29 - [MESSAGE][PASSED] - Navigate to 'http://192.168.74.25/patest' successfully

2018-09-18 16:51:29 - [TEST_STEP][PASSED] - sendKeys: Keys 'patest01' sent to object: 'Object Repository/Page_Login/txt_Username'

2018-09-18 16:51:29 - [MESSAGE][PASSED] - Keys 'patest01' sent to object: 'Object Repository/Page_Login/txt_Username'

2018-09-18 16:51:29 - [TEST_STEP][PASSED] - sendKeys: Keys 'kms' sent to object: 'Object Repository/Page_Login/txt_Password'

2018-09-18 16:51:29 - [MESSAGE][PASSED] - Keys 'kms' sent to object: 'Object Repository/Page_Login/txt_Password'

2018-09-18 16:51:29 - [TEST_STEP][PASSED] - click: Object: 'Object Repository/Page_Login/btn_Login' is clicked on

2018-09-18 16:51:31 - [MESSAGE][PASSED] - Object: 'Object Repository/Page_Login/btn_Login' is clicked on

2018-09-18 16:51:31 - [TEST_STEP][PASSED] - Statement - actual = com.kms.katalon.core.webui.keyword.WebUiBuiltInKeywords.getText(com.kms.katalon.core.testobject.ObjectRepository.findTestObject(Object Repository/Page_Home/txt_UserPanel), STOP_ON_FAILURE): Text of object 'Object Repository/Page_Home/txt_UserPanel' is: 'Welcome, patest01 [Logout]'

2018-09-18 16:51:31 - [MESSAGE][PASSED] - Text of object 'Object Repository/Page_Home/txt_UserPanel' is: 'Welcome, patest01 [Logout]'

2018-09-18 16:51:31 - [TEST_STEP][PASSED] - Statement - expected = "Welcome, patest01 [Logout]": null

2018-09-18 16:51:31 - [TEST_STEP][PASSED] - verifyMatch: Actual text 'Welcome, patest01 [Logout]' and expected text 'Welcome, patest01 [Logout]' are matched 

2018-09-18 16:51:32 - [MESSAGE][PASSED] - Actual text 'Welcome, patest01 [Logout]' and expected text 'Welcome, patest01 [Logout]' are matched]]></system-out>
         <system-err><![CDATA[]]></system-err>
      </testcase>
      <testcase name="Test Cases/Logout" classname="Test Cases/Logout" status="PASSED">
         <system-out><![CDATA[2018-09-18 16:51:32 - [TEST_CASE][PASSED] - Test Cases/Logout: Test Cases/Logout

2018-09-18 16:51:32 - [TEST_STEP][PASSED] - callTestCase: Call Test Case 'Test Cases/Login' successfully

2018-09-18 16:51:32 - [TEST_CASE][PASSED] - Test Cases/Login: Test Cases/Login

2018-09-18 16:51:32 - [TEST_STEP][PASSED] - openBrowser: Browser is opened with url: 'null'

2018-09-18 16:51:32 - [MESSAGE][WARNING] - A browser is already opened. Closing browser and opening a new one

2018-09-18 16:51:35 - [MESSAGE][PASSED] - Browser is opened with url: 'null'

2018-09-18 16:51:35 - [TEST_STEP][PASSED] - navigateToUrl: Navigate to 'http://192.168.74.25/patest' successfully

2018-09-18 16:51:36 - [MESSAGE][PASSED] - Navigate to 'http://192.168.74.25/patest' successfully

2018-09-18 16:51:36 - [TEST_STEP][PASSED] - sendKeys: Keys 'patest01' sent to object: 'Object Repository/Page_Login/txt_Username'

2018-09-18 16:51:36 - [MESSAGE][PASSED] - Keys 'patest01' sent to object: 'Object Repository/Page_Login/txt_Username'

2018-09-18 16:51:36 - [TEST_STEP][PASSED] - sendKeys: Keys 'kms' sent to object: 'Object Repository/Page_Login/txt_Password'

2018-09-18 16:51:36 - [MESSAGE][PASSED] - Keys 'kms' sent to object: 'Object Repository/Page_Login/txt_Password'

2018-09-18 16:51:36 - [TEST_STEP][PASSED] - click: Object: 'Object Repository/Page_Login/btn_Login' is clicked on

2018-09-18 16:51:38 - [MESSAGE][PASSED] - Object: 'Object Repository/Page_Login/btn_Login' is clicked on

2018-09-18 16:51:38 - [TEST_STEP][PASSED] - Statement - actual = com.kms.katalon.core.webui.keyword.WebUiBuiltInKeywords.getText(com.kms.katalon.core.testobject.ObjectRepository.findTestObject(Object Repository/Page_Home/txt_UserPanel), STOP_ON_FAILURE): Text of object 'Object Repository/Page_Home/txt_UserPanel' is: 'Welcome, patest01 [Logout]'

2018-09-18 16:51:38 - [MESSAGE][PASSED] - Text of object 'Object Repository/Page_Home/txt_UserPanel' is: 'Welcome, patest01 [Logout]'

2018-09-18 16:51:38 - [TEST_STEP][PASSED] - Statement - expected = "Welcome, patest01 [Logout]": null

2018-09-18 16:51:38 - [TEST_STEP][PASSED] - verifyMatch: Actual text 'Welcome, patest01 [Logout]' and expected text 'Welcome, patest01 [Logout]' are matched 

2018-09-18 16:51:38 - [MESSAGE][PASSED] - Actual text 'Welcome, patest01 [Logout]' and expected text 'Welcome, patest01 [Logout]' are matched 

2018-09-18 16:51:38 - [MESSAGE][PASSED] - Call Test Case 'Test Cases/Login' successfully

2018-09-18 16:51:38 - [TEST_STEP][PASSED] - click: Object: 'Object Repository/Page_Home/lnk_Logout' is clicked on

2018-09-18 16:51:39 - [MESSAGE][PASSED] - Object: 'Object Repository/Page_Home/lnk_Logout' is clicked on]]></system-out>
         <system-err><![CDATA[]]></system-err>
      </testcase>
      <system-out><![CDATA[2018-09-18 16:51:23 - [TEST_SUITE][PASSED] - G1_TS1: Test Cases/Logout]]></system-out>
      <system-err><![CDATA[]]></system-err>
   </testsuite>
</testsuites>
