<?xml version="1.0" encoding="UTF-8"?>
<testsuites name="G1_TS1" time="23" tests="2" failures="0" errors="0">
   <testsuite name="G1_TS1" tests="2" failures="0" errors="0" time="23" timestamp="2018-09-18 14:04:01" hostname="nhacle - 4BKV1G2.kms.com.vn" id="Test Suites/Group1/G1_TS1">
      <properties>
         <property name="deviceName" value=""/>
         <property name="devicePlatform" value=""/>
         <property name="logFolder" value="C:\\Users\\nhacle\\git\\Katalon_RQM\\Reports\\Group1\\G1_TS1\\20180918_140359"/>
         <property name="logFiles" value="C:\\Users\\nhacle\\git\\Katalon_RQM\\Reports\\Group1\\G1_TS1\\20180918_140359\\execution0.log"/>
         <property name="attachments" value=""/>
         <property name="hostName" value="nhacle - 4BKV1G2.kms.com.vn"/>
         <property name="os" value="Windows 10 64bit"/>
         <property name="katalonVersion" value="5.7.0.1"/>
         <property name="browser" value="Chrome 68.0.3440.106"/>
         <property name="hostAddress" value="192.168.107.25"/>
         <property name="sessionId" value="f4d432304134ec70808a231c963d3d4d"/>
         <property name="seleniumVersion" value="3.7.1"/>
         <property name="proxyInformation" value="ProxyInformation{proxyOption=NO_PROXY, proxyServerType=HTTP, password=, proxyServerAddress=, proxyServerPort=0}"/>
         <property name="platform" value="Windows 10"/>
      </properties>
      <testcase name="Test Cases/Login" classname="Test Cases/Login" status="PASSED">
         <system-out><![CDATA[2018-09-18 14:04:02 - [TEST_CASE][PASSED] - Test Cases/Login: Test Cases/Login

2018-09-18 14:04:02 - [TEST_STEP][PASSED] - openBrowser: Browser is opened with url: 'null'

2018-09-18 14:04:08 - [MESSAGE][PASSED] - Browser is opened with url: 'null'

2018-09-18 14:04:08 - [TEST_STEP][PASSED] - navigateToUrl: Navigate to 'http://192.168.74.25/patest' successfully

2018-09-18 14:04:10 - [MESSAGE][PASSED] - Navigate to 'http://192.168.74.25/patest' successfully

2018-09-18 14:04:10 - [TEST_STEP][PASSED] - sendKeys: Keys 'patest01' sent to object: 'Object Repository/Page_Login/txt_Username'

2018-09-18 14:04:10 - [MESSAGE][PASSED] - Keys 'patest01' sent to object: 'Object Repository/Page_Login/txt_Username'

2018-09-18 14:04:10 - [TEST_STEP][PASSED] - sendKeys: Keys 'kms' sent to object: 'Object Repository/Page_Login/txt_Password'

2018-09-18 14:04:10 - [MESSAGE][PASSED] - Keys 'kms' sent to object: 'Object Repository/Page_Login/txt_Password'

2018-09-18 14:04:10 - [TEST_STEP][PASSED] - click: Object: 'Object Repository/Page_Login/btn_Login' is clicked on

2018-09-18 14:04:12 - [MESSAGE][PASSED] - Object: 'Object Repository/Page_Login/btn_Login' is clicked on

2018-09-18 14:04:12 - [TEST_STEP][PASSED] - Statement - actual = com.kms.katalon.core.webui.keyword.WebUiBuiltInKeywords.getText(com.kms.katalon.core.testobject.ObjectRepository.findTestObject(Object Repository/Page_Home/txt_UserPanel), STOP_ON_FAILURE): Text of object 'Object Repository/Page_Home/txt_UserPanel' is: 'Welcome, patest01 [Logout]'

2018-09-18 14:04:12 - [MESSAGE][PASSED] - Text of object 'Object Repository/Page_Home/txt_UserPanel' is: 'Welcome, patest01 [Logout]'

2018-09-18 14:04:12 - [TEST_STEP][PASSED] - Statement - expected = "Welcome, patest01 [Logout]": null

2018-09-18 14:04:12 - [TEST_STEP][PASSED] - verifyMatch: Actual text 'Welcome, patest01 [Logout]' and expected text 'Welcome, patest01 [Logout]' are matched 

2018-09-18 14:04:12 - [MESSAGE][PASSED] - Actual text 'Welcome, patest01 [Logout]' and expected text 'Welcome, patest01 [Logout]' are matched]]></system-out>
         <system-err><![CDATA[]]></system-err>
      </testcase>
      <testcase name="Test Cases/Logout" classname="Test Cases/Logout" status="PASSED">
         <system-out><![CDATA[2018-09-18 14:04:12 - [TEST_CASE][PASSED] - Test Cases/Logout: Test Cases/Logout

2018-09-18 14:04:12 - [TEST_STEP][PASSED] - callTestCase: Call Test Case 'Test Cases/Login' successfully

2018-09-18 14:04:12 - [TEST_CASE][PASSED] - Test Cases/Login: Test Cases/Login

2018-09-18 14:04:12 - [TEST_STEP][PASSED] - openBrowser: Browser is opened with url: 'null'

2018-09-18 14:04:12 - [MESSAGE][WARNING] - A browser is already opened. Closing browser and opening a new one

2018-09-18 14:04:19 - [MESSAGE][PASSED] - Browser is opened with url: 'null'

2018-09-18 14:04:19 - [TEST_STEP][PASSED] - navigateToUrl: Navigate to 'http://192.168.74.25/patest' successfully

2018-09-18 14:04:20 - [MESSAGE][PASSED] - Navigate to 'http://192.168.74.25/patest' successfully

2018-09-18 14:04:20 - [TEST_STEP][PASSED] - sendKeys: Keys 'patest01' sent to object: 'Object Repository/Page_Login/txt_Username'

2018-09-18 14:04:21 - [MESSAGE][PASSED] - Keys 'patest01' sent to object: 'Object Repository/Page_Login/txt_Username'

2018-09-18 14:04:21 - [TEST_STEP][PASSED] - sendKeys: Keys 'kms' sent to object: 'Object Repository/Page_Login/txt_Password'

2018-09-18 14:04:21 - [MESSAGE][PASSED] - Keys 'kms' sent to object: 'Object Repository/Page_Login/txt_Password'

2018-09-18 14:04:21 - [TEST_STEP][PASSED] - click: Object: 'Object Repository/Page_Login/btn_Login' is clicked on

2018-09-18 14:04:23 - [MESSAGE][PASSED] - Object: 'Object Repository/Page_Login/btn_Login' is clicked on

2018-09-18 14:04:23 - [TEST_STEP][PASSED] - Statement - actual = com.kms.katalon.core.webui.keyword.WebUiBuiltInKeywords.getText(com.kms.katalon.core.testobject.ObjectRepository.findTestObject(Object Repository/Page_Home/txt_UserPanel), STOP_ON_FAILURE): Text of object 'Object Repository/Page_Home/txt_UserPanel' is: 'Welcome, patest01 [Logout]'

2018-09-18 14:04:23 - [MESSAGE][PASSED] - Text of object 'Object Repository/Page_Home/txt_UserPanel' is: 'Welcome, patest01 [Logout]'

2018-09-18 14:04:23 - [TEST_STEP][PASSED] - Statement - expected = "Welcome, patest01 [Logout]": null

2018-09-18 14:04:23 - [TEST_STEP][PASSED] - verifyMatch: Actual text 'Welcome, patest01 [Logout]' and expected text 'Welcome, patest01 [Logout]' are matched 

2018-09-18 14:04:23 - [MESSAGE][PASSED] - Actual text 'Welcome, patest01 [Logout]' and expected text 'Welcome, patest01 [Logout]' are matched 

2018-09-18 14:04:23 - [MESSAGE][PASSED] - Call Test Case 'Test Cases/Login' successfully

2018-09-18 14:04:23 - [TEST_STEP][PASSED] - click: Object: 'Object Repository/Page_Home/lnk_Logout' is clicked on

2018-09-18 14:04:23 - [MESSAGE][PASSED] - Object: 'Object Repository/Page_Home/lnk_Logout' is clicked on]]></system-out>
         <system-err><![CDATA[]]></system-err>
      </testcase>
      <system-out><![CDATA[2018-09-18 14:04:01 - [TEST_SUITE][PASSED] - G1_TS1: Test Cases/Logout]]></system-out>
      <system-err><![CDATA[]]></system-err>
   </testsuite>
</testsuites>
